13-Oct-2022 14:30:53 INFO - Medically not fit
13-Oct-2022 14:30:53 ERROR - Error occurred while applying DL for Swasti
13-Oct-2022 14:30:53 INFO - Age is not valid
13-Oct-2022 14:30:53 ERROR - Error occurred while applying DL for Manya
13-Oct-2022 14:30:53 INFO - Police verification not clear
13-Oct-2022 14:30:53 ERROR - Error occurred while applying DL for Aakriti
13-Oct-2022 14:34:56 INFO - Medically not fit
13-Oct-2022 14:34:56 ERROR - Error occurred while applying DL for Swasti
13-Oct-2022 14:34:56 INFO - Age is not valid
13-Oct-2022 14:34:56 ERROR - Error occurred while applying DL for Manya
13-Oct-2022 14:34:56 INFO - Police verification not clear
13-Oct-2022 14:34:56 ERROR - Error occurred while applying DL for Aakriti
13-Oct-2022 14:59:36 INFO - successfully logged in
13-Oct-2022 15:01:15 INFO - successfully logged in
13-Oct-2022 15:13:26 INFO - Medically not fit
13-Oct-2022 15:54:53 INFO - Age is not valid
13-Oct-2022 15:54:53 INFO - Police verification not clear
13-Oct-2022 15:54:53 INFO - Medically not fit
13-Oct-2022 16:00:18 INFO - Age is not valid
13-Oct-2022 16:00:18 INFO - Police verification not clear
13-Oct-2022 16:00:18 INFO - Medically not fit
14-Oct-2022 11:35:05 INFO - Medically not fit
14-Oct-2022 11:35:05 ERROR - Error occurred while applying DL for Swasti
14-Oct-2022 11:35:05 INFO - Age is not valid
14-Oct-2022 11:35:05 ERROR - Error occurred while applying DL for Manya
14-Oct-2022 11:35:05 INFO - Police verification not clear
14-Oct-2022 11:35:05 ERROR - Error occurred while applying DL for Aakriti
